<?xml version="1.0" encoding="UTF-8"?>
<testsuite xmlns:xsi="http://www.w3.org/2001/XMLSchema-instance" xsi:noNamespaceSchemaLocation="https://maven.apache.org/surefire/maven-surefire-plugin/xsd/surefire-test-report.xsd" name="cn.edu.jxnu.happystudying.dao.impl.ImplCheckInDaoTest" time="0.001" tests="3" errors="0" skipped="0" failures="0">
  <properties>
[...]
</properties>
  <testcase name="changeZero" classname="cn.edu.jxnu.happystudying.dao.impl.ImplCheckInDaoTest" time="0"/>
  <testcase name="updateTodayData" classname="cn.edu.jxnu.happystudying.dao.impl.ImplCheckInDaoTest" time="0"/>
  <testcase name="queryCheckInById" classname="cn.edu.jxnu.happystudying.dao.impl.ImplCheckInDaoTest" time="0.001"/>
</testsuite>